<?xml version="1.0" encoding="UTF-8"?>
<testng-results ignored="0" total="1" passed="1" failed="0" skipped="0">
  <reporter-output>
  </reporter-output>
  <suite started-at="2023-08-08T10:07:25 IST" name="Default suite" finished-at="2023-08-08T10:07:40 IST" duration-ms="14902">
    <groups>
    </groups>
    <test started-at="2023-08-08T10:07:25 IST" name="Default test" finished-at="2023-08-08T10:07:40 IST" duration-ms="14902">
      <class name="testcases.LoginTest">
        <test-method is-config="true" signature="setupBrowser()[pri:0, instance:testcases.LoginTest@23941fb4]" started-at="2023-08-08T10:07:25 IST" name="setupBrowser" finished-at="2023-08-08T10:07:37 IST" duration-ms="11718" status="PASS">
          <reporter-output>
          </reporter-output>
        </test-method> <!-- setupBrowser -->
        <test-method signature="loginToApplication(java.lang.String,java.lang.String)[pri:0, instance:testcases.LoginTest@23941fb4]" started-at="2023-08-08T10:07:38 IST" name="loginToApplication" data-provider="loginDetails" finished-at="2023-08-08T10:07:40 IST" duration-ms="1711" status="PASS">
          <params>
            <param index="0">
              <value>
                <![CDATA[Admin]]>
              </value>
            </param>
            <param index="1">
              <value>
                <![CDATA[admin123]]>
              </value>
            </param>
          </params>
          <reporter-output>
          </reporter-output>
        </test-method> <!-- loginToApplication -->
        <test-method is-config="true" signature="closeBrowser()[pri:0, instance:testcases.LoginTest@23941fb4]" started-at="2023-08-08T10:07:40 IST" name="closeBrowser" finished-at="2023-08-08T10:07:40 IST" duration-ms="348" status="PASS">
          <reporter-output>
          </reporter-output>
        </test-method> <!-- closeBrowser -->
      </class> <!-- testcases.LoginTest -->
    </test> <!-- Default test -->
  </suite> <!-- Default suite -->
</testng-results>
