<?xml version="1.0" encoding="UTF-8"?>
<testng-results ignored="0" total="1" passed="1" failed="0" skipped="0">
  <reporter-output>
    <line>
      <![CDATA[Sorrychromenot supported]]>
    </line>
  </reporter-output>
  <suite started-at="2023-08-22T14:45:11 IST" name="Default suite" finished-at="2023-08-22T14:45:24 IST" duration-ms="13356">
    <groups>
    </groups>
    <test started-at="2023-08-22T14:45:11 IST" name="Default test" finished-at="2023-08-22T14:45:24 IST" duration-ms="13356">
      <class name="testcases.LoginToDemoQA">
        <test-method is-config="true" signature="setupBrowser()[pri:0, instance:testcases.LoginToDemoQA@7486b455]" started-at="2023-08-22T14:45:11 IST" name="setupBrowser" finished-at="2023-08-22T14:45:19 IST" duration-ms="8023" status="PASS">
          <reporter-output>
            <line>
              <![CDATA[Sorrychromenot supported]]>
            </line>
          </reporter-output>
        </test-method> <!-- setupBrowser -->
        <test-method signature="demoqatest(java.lang.String,java.lang.String)[pri:0, instance:testcases.LoginToDemoQA@7486b455]" started-at="2023-08-22T14:45:20 IST" name="demoqatest" data-provider="loginDetails" finished-at="2023-08-22T14:45:24 IST" duration-ms="3701" status="PASS">
          <params>
            <param index="0">
              <value>
                <![CDATA[Uma]]>
              </value>
            </param>
            <param index="1">
              <value>
                <![CDATA[Review@123]]>
              </value>
            </param>
          </params>
          <reporter-output>
          </reporter-output>
        </test-method> <!-- demoqatest -->
        <test-method is-config="true" signature="closeBrowser()[pri:0, instance:testcases.LoginToDemoQA@7486b455]" started-at="2023-08-22T14:45:24 IST" name="closeBrowser" finished-at="2023-08-22T14:45:24 IST" duration-ms="501" status="PASS">
          <reporter-output>
          </reporter-output>
        </test-method> <!-- closeBrowser -->
      </class> <!-- testcases.LoginToDemoQA -->
    </test> <!-- Default test -->
  </suite> <!-- Default suite -->
</testng-results>
